<?xml version="1.0" encoding="UTF-8"?>
<!-- Generated by org.testng.reporters.JUnitXMLReporter -->
<testsuite ignored="0" hostname="MSI" failures="1" tests="18" name="Test" time="85.875" errors="0" timestamp="2024-03-08T15:45:59 GMT+03:00">
  <testcase classname="Almosafer.TestCases" name="checkTheWebsiteLanguage" time="0.738"/>
  <testcase classname="Almosafer.TestCases" name="checkTheWebsiteLanguage" time="0.559"/>
  <testcase classname="Almosafer.TestCases" name="checkTheWebsiteLanguage" time="1.491"/>
  <testcase classname="Almosafer.TestCases" name="Check_hotel" time="23.753"/>
  <testcase classname="Almosafer.TestCases" name="CheckContactNumber" time="6.351"/>
  <testcase classname="Almosafer.TestCases" name="defaultCurrency" time="3.042"/>
  <testcase classname="Almosafer.TestCases" name="numberOfImg" time="1.369"/>
  <testcase classname="Almosafer.TestCases" name="locationField" time="2.735"/>
  <testcase classname="Almosafer.TestCases" name="locationField" time="2.514"/>
  <testcase classname="Almosafer.TestCases" name="locationField" time="2.468"/>
  <testcase classname="Almosafer.TestCases" name="locationField" time="2.419"/>
  <testcase classname="Almosafer.TestCases" name="locationField" time="2.527"/>
  <testcase classname="Almosafer.TestCases" name="locationField" time="2.606"/>
  <testcase classname="Almosafer.TestCases" name="hotleTabIsNotSelected" time="6.675"/>
  <testcase classname="Almosafer.TestCases" name="qtife" time="0.058"/>
  <testcase classname="Almosafer.TestCases" name="checkTheVisa" time="6.053"/>
  <testcase classname="Almosafer.TestCases" name="randomlySelecOfVisitor" time="3.465"/>
  <testcase classname="Almosafer.TestCases" name="chack_Date" time="3.882">
    <failure type="org.openqa.selenium.NoSuchElementException" message="no such element: Unable to locate element: {&amp;quot;method&amp;quot;:&amp;quot;xpath&amp;quot;,&amp;quot;selector&amp;quot;:&amp;quot;//button[normalize-space()=&amp;apos;Kingdom of Saudi Arabia, SAR&amp;apos;]&amp;quot;}
  (Session info: chrome=122.0.6261.112)
For documentation on this error, please visit: https://www.selenium.dev/documentation/webdriver/troubleshooting/errors#no-such-element-exception
Build info: version: &amp;apos;4.17.0&amp;apos;, revision: &amp;apos;e52b1be057*&amp;apos;
System info: os.name: &amp;apos;Windows 11&amp;apos;, os.arch: &amp;apos;amd64&amp;apos;, os.version: &amp;apos;10.0&amp;apos;, java.version: &amp;apos;17.0.8&amp;apos;
Driver info: org.openqa.selenium.chrome.ChromeDriver
Command: [76745dd3cbbade7a173d4a220ebfa12f, findElement {using=xpath, value=//button[normalize-space()=&amp;apos;Kingdom of Saudi Arabia, SAR&amp;apos;]}]
Capabilities {acceptInsecureCerts: false, browserName: chrome, browserVersion: 122.0.6261.112, chrome: {chromedriverVersion: 122.0.6261.111 (9d4c1072da6..., userDataDir: C:\Users\msi-Pc\AppData\Loc...}, fedcm:accounts: true, goog:chromeOptions: {debuggerAddress: localhost:53120}, networkConnectionEnabled: false, pageLoadStrategy: normal, platformName: windows, proxy: Proxy(), se:cdp: ws://localhost:53120/devtoo..., se:cdpVersion: 122.0.6261.112, setWindowRect: true, strictFileInteractability: false, timeouts: {implicit: 0, pageLoad: 300000, script: 30000}, unhandledPromptBehavior: dismiss and notify, webauthn:extension:credBlob: true, webauthn:extension:largeBlob: true, webauthn:extension:minPinLength: true, webauthn:extension:prf: true, webauthn:virtualAuthenticators: true}
Session ID: 76745dd3cbbade7a173d4a220ebfa12f">
      <![CDATA[org.openqa.selenium.NoSuchElementException: no such element: Unable to locate element: {"method":"xpath","selector":"//button[normalize-space()='Kingdom of Saudi Arabia, SAR']"}
  (Session info: chrome=122.0.6261.112)
For documentation on this error, please visit: https://www.selenium.dev/documentation/webdriver/troubleshooting/errors#no-such-element-exception
Build info: version: '4.17.0', revision: 'e52b1be057*'
System info: os.name: 'Windows 11', os.arch: 'amd64', os.version: '10.0', java.version: '17.0.8'
Driver info: org.openqa.selenium.chrome.ChromeDriver
Command: [76745dd3cbbade7a173d4a220ebfa12f, findElement {using=xpath, value=//button[normalize-space()='Kingdom of Saudi Arabia, SAR']}]
Capabilities {acceptInsecureCerts: false, browserName: chrome, browserVersion: 122.0.6261.112, chrome: {chromedriverVersion: 122.0.6261.111 (9d4c1072da6..., userDataDir: C:\Users\msi-Pc\AppData\Loc...}, fedcm:accounts: true, goog:chromeOptions: {debuggerAddress: localhost:53120}, networkConnectionEnabled: false, pageLoadStrategy: normal, platformName: windows, proxy: Proxy(), se:cdp: ws://localhost:53120/devtoo..., se:cdpVersion: 122.0.6261.112, setWindowRect: true, strictFileInteractability: false, timeouts: {implicit: 0, pageLoad: 300000, script: 30000}, unhandledPromptBehavior: dismiss and notify, webauthn:extension:credBlob: true, webauthn:extension:largeBlob: true, webauthn:extension:minPinLength: true, webauthn:extension:prf: true, webauthn:virtualAuthenticators: true}
Session ID: 76745dd3cbbade7a173d4a220ebfa12f
at org.openqa.selenium.remote.codec.w3c.W3CHttpResponseCodec.createException(W3CHttpResponseCodec.java:185)
at org.openqa.selenium.remote.codec.w3c.W3CHttpResponseCodec.decode(W3CHttpResponseCodec.java:134)
at org.openqa.selenium.remote.codec.w3c.W3CHttpResponseCodec.decode(W3CHttpResponseCodec.java:51)
at org.openqa.selenium.remote.HttpCommandExecutor.execute(HttpCommandExecutor.java:190)
at org.openqa.selenium.remote.service.DriverCommandExecutor.invokeExecute(DriverCommandExecutor.java:216)
at org.openqa.selenium.remote.service.DriverCommandExecutor.execute(DriverCommandExecutor.java:174)
at org.openqa.selenium.remote.RemoteWebDriver.execute(RemoteWebDriver.java:519)
at org.openqa.selenium.remote.ElementLocation$ElementFinder$2.findElement(ElementLocation.java:165)
at org.openqa.selenium.remote.ElementLocation.findElement(ElementLocation.java:59)
at org.openqa.selenium.remote.RemoteWebDriver.findElement(RemoteWebDriver.java:356)
at org.openqa.selenium.remote.RemoteWebDriver.findElement(RemoteWebDriver.java:350)
at Almosafer.TestCases.chack_Date(TestCases.java:190)
at java.base/java.util.ArrayList.forEach(ArrayList.java:1511)
... Removed 32 stack frames]]>
    </failure>
  </testcase> <!-- chack_Date -->
</testsuite> <!-- Test -->
